<?xml version="1.0" encoding="UTF-8"?>
<!-- Generated by org.testng.reporters.JUnitReportReporter -->
<testsuite hostname="Chinmayi" failures="0" tests="1" name="JenkinsProject.Snippet" time="12.117" errors="0" timestamp="2022-12-07T17:29:33 IST" skipped="0">
  <testcase classname="JenkinsProject.Snippet" name="demo" time="12.117"/>
  <system-out/>
</testsuite> <!-- JenkinsProject.Snippet -->
