<?xml version="1.0" encoding="UTF-8"?>
<!-- Generated by org.testng.reporters.JUnitReportReporter -->
<testsuite hostname="Chinmayi" failures="0" tests="1" name="JenkinsProject.DemoJenkinstest" time="21.366" errors="0" timestamp="2022-12-07T17:12:54 IST" skipped="0">
  <testcase classname="JenkinsProject.DemoJenkinstest" name="TC02" time="21.366"/>
  <system-out/>
</testsuite> <!-- JenkinsProject.DemoJenkinstest -->
